<?xml version="1.0" encoding="UTF-8"?>
<!-- Generated by org.testng.reporters.JUnitXMLReporter -->
<testsuite hostname="DESKTOP-PRELGQE" ignored="0" name="Default test" tests="4" failures="0" timestamp="26 Oct 2019 21:19:20 GMT" time="15.496" errors="0">
  <testcase name="UserCanloginSuccessfully" time="6.573" classname="tests.SendProductToriendTestCase"/>
  <testcase name="UserCanSearchForProductSuccessfully" time="5.478" classname="tests.SendProductToriendTestCase"/>
  <testcase name="sendToFriend" time="2.326" classname="tests.SendProductToriendTestCase"/>
  <testcase name="UserLogOut" time="1.05" classname="tests.SendProductToriendTestCase"/>
</testsuite> <!-- Default test -->
