<?xml version="1.0" encoding="UTF-8"?>
<!-- Generated by org.testng.reporters.JUnitXMLReporter -->
<testsuite hostname="DESKTOP-FVI8QA4" ignored="0" name="Default test" tests="4" failures="0" timestamp="04 Nov 2019 14:39:53 GMT" time="29.777" errors="0">
  <testcase name="UserCanReguisterSuccessfully" time="8.128" classname="tests.CheckOutTestCase"/>
  <testcase name="UserCanSearchForProductSuccessfully" time="6.166" classname="tests.CheckOutTestCase"/>
  <testcase name="AddProductToCart" time="8.554" classname="tests.CheckOutTestCase"/>
  <testcase name="UserCanGoToCheckoutSuccessfully" time="3.885" classname="tests.CheckOutTestCase"/>
</testsuite> <!-- Default test -->
