<?xml version="1.0" encoding="UTF-8"?>
<!-- Generated by org.testng.reporters.JUnitXMLReporter -->
<testsuite hostname="DESKTOP-PRELGQE" ignored="14" name="Regression Test" tests="15" failures="0" timestamp="27 Oct 2019 19:51:15 GMT" time="62.469" errors="0">
  <testcase name="A_UserCanloginSuccessfully" time="3.136" classname="tests.AddProductReviewTestCase"/>
  <testcase name="B_UserCanSearchForProductSuccessfully" time="7.95" classname="tests.AddProductReviewTestCase"/>
  <testcase name="C_AddProductReviewReview" time="3.171" classname="tests.AddProductReviewTestCase"/>
  <testcase name="D_UserLogOut" time="1.039" classname="tests.AddProductReviewTestCase"/>
  <testcase name="UserCanContactUs" time="2.126" classname="tests.ContactUsTestCase"/>
  <testcase name="A_UserCanloginSuccessfully" time="1.835" classname="tests.SendProductToriendTestCase"/>
  <testcase name="B_UserCanSearchForProductSuccessfully" time="2.002" classname="tests.SendProductToriendTestCase"/>
  <testcase name="C_sendToFriend" time="1.943" classname="tests.SendProductToriendTestCase"/>
  <testcase name="D_UserLogOut" time="0.958" classname="tests.SendProductToriendTestCase"/>
  <testcase name="UserCanloginSuccessfully" time="2.988" classname="tests.UserLoginTestCase"/>
  <testcase name="UserCanReguisterSuccessfully" time="4.058" classname="tests.UserRegisterTestCase"/>
  <testcase name="UserCanSearchForProductAutoCompleteSuccessfully" time="2.363" classname="tests.UserSearchForProductAutoTestCase"/>
  <testcase name="UserCanSearchForProductSuccessfully" time="1.803" classname="tests.UserSearchForProductTestCase"/>
  <testcase name="UserCanSearchForProductSuccessfully" time="1.754" classname="tests.UserCanChangeCurrencyTestCase"/>
  <testcase name="UserChangeCurrency" time="1.26" classname="tests.UserCanChangeCurrencyTestCase"/>
  <testcase name="@BeforeSuite Startdriver" time="0.0" classname="tests.TestBase">
    <ignored/>
  </testcase> <!-- @BeforeSuite Startdriver -->
  <testcase name="@BeforeSuite Startdriver" time="0.0" classname="tests.TestBase">
    <ignored/>
  </testcase> <!-- @BeforeSuite Startdriver -->
  <testcase name="@BeforeSuite Startdriver" time="0.0" classname="tests.TestBase">
    <ignored/>
  </testcase> <!-- @BeforeSuite Startdriver -->
  <testcase name="@BeforeSuite Startdriver" time="0.0" classname="tests.TestBase">
    <ignored/>
  </testcase> <!-- @BeforeSuite Startdriver -->
  <testcase name="@BeforeSuite Startdriver" time="0.0" classname="tests.TestBase">
    <ignored/>
  </testcase> <!-- @BeforeSuite Startdriver -->
  <testcase name="@BeforeSuite Startdriver" time="0.0" classname="tests.TestBase">
    <ignored/>
  </testcase> <!-- @BeforeSuite Startdriver -->
  <testcase name="@BeforeSuite Startdriver" time="0.0" classname="tests.TestBase">
    <ignored/>
  </testcase> <!-- @BeforeSuite Startdriver -->
  <testcase name="@AfterSuite StopDriver" time="0.0" classname="tests.TestBase">
    <ignored/>
  </testcase> <!-- @AfterSuite StopDriver -->
  <testcase name="@AfterSuite StopDriver" time="0.0" classname="tests.TestBase">
    <ignored/>
  </testcase> <!-- @AfterSuite StopDriver -->
  <testcase name="@AfterSuite StopDriver" time="0.0" classname="tests.TestBase">
    <ignored/>
  </testcase> <!-- @AfterSuite StopDriver -->
  <testcase name="@AfterSuite StopDriver" time="0.0" classname="tests.TestBase">
    <ignored/>
  </testcase> <!-- @AfterSuite StopDriver -->
  <testcase name="@AfterSuite StopDriver" time="0.0" classname="tests.TestBase">
    <ignored/>
  </testcase> <!-- @AfterSuite StopDriver -->
  <testcase name="@AfterSuite StopDriver" time="0.0" classname="tests.TestBase">
    <ignored/>
  </testcase> <!-- @AfterSuite StopDriver -->
  <testcase name="@AfterSuite StopDriver" time="0.0" classname="tests.TestBase">
    <ignored/>
  </testcase> <!-- @AfterSuite StopDriver -->
</testsuite> <!-- Regression Test -->
