<?xml version="1.0" encoding="UTF-8"?>
<!-- Generated by org.testng.reporters.JUnitXMLReporter -->
<testsuite hostname="DESKTOP-PRELGQE" ignored="8" name="Regression Test" tests="5" failures="0" timestamp="26 Oct 2019 17:23:55 GMT" time="17.858" errors="0">
  <testcase name="UserCanReguisterSuccessfully" time="6.398" classname="tests.UserRegisterTestCase"/>
  <testcase name="UserCanloginSuccessfully" time="2.076" classname="tests.UserLoginTestCase"/>
  <testcase name="UserCanSearchForProductSuccessfully" time="4.13" classname="tests.UserSearchForProductTestCase"/>
  <testcase name="UserCanSearchForProductAutoCompleteSuccessfully" time="3.399" classname="tests.UserSearchForProductAutoTestCase"/>
  <testcase name="UserCanContactUs" time="1.806" classname="tests.ContactUsTestCase"/>
  <testcase name="@AfterSuite StopDriver" time="0.0" classname="tests.TestBase">
    <ignored/>
  </testcase> <!-- @AfterSuite StopDriver -->
  <testcase name="@AfterSuite StopDriver" time="0.0" classname="tests.TestBase">
    <ignored/>
  </testcase> <!-- @AfterSuite StopDriver -->
  <testcase name="@AfterSuite StopDriver" time="0.0" classname="tests.TestBase">
    <ignored/>
  </testcase> <!-- @AfterSuite StopDriver -->
  <testcase name="@AfterSuite StopDriver" time="0.0" classname="tests.TestBase">
    <ignored/>
  </testcase> <!-- @AfterSuite StopDriver -->
  <testcase name="@BeforeSuite Startdriver" time="0.0" classname="tests.TestBase">
    <ignored/>
  </testcase> <!-- @BeforeSuite Startdriver -->
  <testcase name="@BeforeSuite Startdriver" time="0.0" classname="tests.TestBase">
    <ignored/>
  </testcase> <!-- @BeforeSuite Startdriver -->
  <testcase name="@BeforeSuite Startdriver" time="0.0" classname="tests.TestBase">
    <ignored/>
  </testcase> <!-- @BeforeSuite Startdriver -->
  <testcase name="@BeforeSuite Startdriver" time="0.0" classname="tests.TestBase">
    <ignored/>
  </testcase> <!-- @BeforeSuite Startdriver -->
</testsuite> <!-- Regression Test -->
