<?xml version="1.0" encoding="UTF-8"?>
<!-- Generated by org.testng.reporters.JUnitXMLReporter -->
<testsuite hostname="DESKTOP-FVI8QA4" ignored="8" name="Regression Test" tests="6" failures="0" timestamp="06 Nov 2019 14:20:59 GMT" time="35.912" errors="0">
  <testcase name="UserCanContactUs" time="4.285" classname="tests.ContactUsTestCase"/>
  <testcase name="UserCanReguisterSuccessfully" time="5.905" classname="tests.UserRegisterWithJavaFakerTestCase"/>
  <testcase name="UserCanSearchForProductAutoCompleteSuccessfully" time="3.596" classname="tests.UserSearchForProductAutoTestCase"/>
  <testcase name="UserCanSearchForProductSuccessfully" time="1.994" classname="tests.UserSearchForProductTestCase"/>
  <testcase name="UserCanSearchForProductSuccessfully" time="2.966" classname="tests.UserCanChangeCurrencyTestCase"/>
  <testcase name="UserChangeCurrency" time="2.115" classname="tests.UserCanChangeCurrencyTestCase"/>
  <testcase name="@AfterSuite StopDriver" time="0.0" classname="tests.TestBase">
    <ignored/>
  </testcase> <!-- @AfterSuite StopDriver -->
  <testcase name="@AfterSuite StopDriver" time="0.0" classname="tests.TestBase">
    <ignored/>
  </testcase> <!-- @AfterSuite StopDriver -->
  <testcase name="@AfterSuite StopDriver" time="0.0" classname="tests.TestBase">
    <ignored/>
  </testcase> <!-- @AfterSuite StopDriver -->
  <testcase name="@AfterSuite StopDriver" time="0.0" classname="tests.TestBase">
    <ignored/>
  </testcase> <!-- @AfterSuite StopDriver -->
  <testcase name="@BeforeSuite Startdriver" time="0.0" classname="tests.TestBase">
    <ignored/>
  </testcase> <!-- @BeforeSuite Startdriver -->
  <testcase name="@BeforeSuite Startdriver" time="0.0" classname="tests.TestBase">
    <ignored/>
  </testcase> <!-- @BeforeSuite Startdriver -->
  <testcase name="@BeforeSuite Startdriver" time="0.0" classname="tests.TestBase">
    <ignored/>
  </testcase> <!-- @BeforeSuite Startdriver -->
  <testcase name="@BeforeSuite Startdriver" time="0.0" classname="tests.TestBase">
    <ignored/>
  </testcase> <!-- @BeforeSuite Startdriver -->
</testsuite> <!-- Regression Test -->
