<?xml version="1.0" encoding="UTF-8"?>
<!-- Generated by org.testng.reporters.JUnitXMLReporter -->
<testsuite hostname="DESKTOP-PRELGQE" ignored="8" name="Regression Test" tests="6" failures="0" timestamp="08 Nov 2019 14:17:42 GMT" time="51.675" errors="0">
  <testcase name="UserCanContactUs" time="6.289" classname="tests.ContactUsTestCase"/>
  <testcase name="UserCanReguisterSuccessfully" time="9.694" classname="tests.UserRegisterWithJavaFakerTestCase"/>
  <testcase name="UserCanSearchForProductAutoCompleteSuccessfully" time="8.005" classname="tests.UserSearchForProductAutoTestCase"/>
  <testcase name="UserCanSearchForProductSuccessfully" time="6.213" classname="tests.UserSearchForProductTestCase"/>
  <testcase name="UserCanSearchForProductSuccessfully" time="4.643" classname="tests.UserCanChangeCurrencyTestCase"/>
  <testcase name="UserChangeCurrency" time="1.771" classname="tests.UserCanChangeCurrencyTestCase"/>
  <testcase name="@AfterSuite StopDriver" time="0.0" classname="tests.TestBase">
    <ignored/>
  </testcase> <!-- @AfterSuite StopDriver -->
  <testcase name="@AfterSuite StopDriver" time="0.0" classname="tests.TestBase">
    <ignored/>
  </testcase> <!-- @AfterSuite StopDriver -->
  <testcase name="@AfterSuite StopDriver" time="0.0" classname="tests.TestBase">
    <ignored/>
  </testcase> <!-- @AfterSuite StopDriver -->
  <testcase name="@AfterSuite StopDriver" time="0.0" classname="tests.TestBase">
    <ignored/>
  </testcase> <!-- @AfterSuite StopDriver -->
  <testcase name="@BeforeSuite Startdriver" time="0.0" classname="tests.TestBase">
    <ignored/>
  </testcase> <!-- @BeforeSuite Startdriver -->
  <testcase name="@BeforeSuite Startdriver" time="0.0" classname="tests.TestBase">
    <ignored/>
  </testcase> <!-- @BeforeSuite Startdriver -->
  <testcase name="@BeforeSuite Startdriver" time="0.0" classname="tests.TestBase">
    <ignored/>
  </testcase> <!-- @BeforeSuite Startdriver -->
  <testcase name="@BeforeSuite Startdriver" time="0.0" classname="tests.TestBase">
    <ignored/>
  </testcase> <!-- @BeforeSuite Startdriver -->
</testsuite> <!-- Regression Test -->
